<?xml version="1.0" encoding="UTF-8"?>
<!-- Generated by org.testng.reporters.JUnitReportReporter -->
<testsuite hostname="DESKTOP-LK7NIRS" name="org.test.Report" tests="4" failures="0" timestamp="16 Feb 2020 18:21:42 GMT" time="46.983" errors="0">
  <testcase name="launch" time="17.485" classname="org.test.Report"/>
  <testcase name="test2" time="0.344" classname="org.test.Report"/>
  <testcase name="test1" time="0.683" classname="org.test.Report"/>
  <testcase name="Btn" time="28.471" classname="org.test.Report"/>
</testsuite> <!-- org.test.Report -->
