<?xml version="1.0" encoding="UTF-8"?>
<!-- Generated by org.testng.reporters.JUnitReportReporter -->
<testsuite hostname="DESKTOP-LK7NIRS" name="org.test.DependonMethods" tests="3" failures="0" timestamp="25 Feb 2020 07:06:57 GMT" time="28.355" errors="0">
  <testcase name="test1" time="1.187" classname="org.test.DependonMethods"/>
  <testcase name="launch" time="26.947" classname="org.test.DependonMethods"/>
  <testcase name="test2" time="0.221" classname="org.test.DependonMethods"/>
</testsuite> <!-- org.test.DependonMethods -->
