<?xml version="1.0" encoding="UTF-8"?>
<!-- Generated by org.testng.reporters.JUnitReportReporter -->
<testsuite hostname="DESKTOP-LK7NIRS" name="org.test1.TestNgPriority" tests="4" failures="0" timestamp="3 Mar 2020 07:18:23 GMT" time="0.103" errors="0">
  <testcase name="test4" time="0.003" classname="org.test1.TestNgPriority"/>
  <testcase name="test2" time="0.003" classname="org.test1.TestNgPriority"/>
  <testcase name="test3" time="0.094" classname="org.test1.TestNgPriority"/>
  <testcase name="test1" time="0.003" classname="org.test1.TestNgPriority"/>
</testsuite> <!-- org.test1.TestNgPriority -->
