<?xml version="1.0" encoding="UTF-8"?>
<!-- Generated by org.testng.reporters.JUnitReportReporter -->
<testsuite hostname="DESKTOP-LK7NIRS" name="org.test1.Gmail" tests="2" failures="0" timestamp="25 Feb 2020 06:49:02 GMT" time="4.726" errors="0">
  <testcase name="Test" time="4.200" classname="org.test1.Gmail"/>
  <testcase name="test1" time="0.526" classname="org.test1.Gmail"/>
</testsuite> <!-- org.test1.Gmail -->
