<?xml version="1.0" encoding="UTF-8"?>
<!-- Generated by org.testng.reporters.JUnitReportReporter -->
<testsuite hostname="DESKTOP-LK7NIRS" name="org.test1.TestNgInvocationCount" tests="5" failures="0" timestamp="3 Mar 2020 07:23:38 GMT" time="0.084" errors="0">
  <testcase name="test" time="0.003" classname="org.test1.TestNgInvocationCount"/>
  <testcase name="test" time="0.037" classname="org.test1.TestNgInvocationCount"/>
  <testcase name="test" time="0.003" classname="org.test1.TestNgInvocationCount"/>
  <testcase name="test" time="0.003" classname="org.test1.TestNgInvocationCount"/>
  <testcase name="test" time="0.038" classname="org.test1.TestNgInvocationCount"/>
</testsuite> <!-- org.test1.TestNgInvocationCount -->
